GPT fdisk (gdisk) version 0.8.6

Partition table scan:
  MBR: not present
  BSD: not present
  APM: not present
  GPT: not present

Creating new GPT entries.

Command (? for help): n
Partition number (1-128, default 1): 
First sector (34-41910238, default = 2048) or {+-}size{KMGTP}: 
Last sector (2048-41910238, default = 41910238) or {+-}size{KMGTP}: +500M
Current type is 'Linux filesystem'
Hex code or GUID (L to show codes, Enter = 8300): 
Changed type of partition to 'Linux filesystem'

Command (? for help): n
Partition number (2-128, default 2): 
First sector (34-41910238, default = 1026048) or {+-}size{KMGTP}: 
Last sector (1026048-41910238, default = 41910238) or {+-}size{KMGTP}: +1G
Current type is 'Linux filesystem'
Hex code or GUID (L to show codes, Enter = 8300): 
Changed type of partition to 'Linux filesystem'

Command (? for help): n
Partition number (3-128, default 3): 
First sector (34-41910238, default = 3123200) or {+-}size{KMGTP}: 
Last sector (3123200-41910238, default = 41910238) or {+-}size{KMGTP}: +1G
Current type is 'Linux filesystem'
Hex code or GUID (L to show codes, Enter = 8300): 
Changed type of partition to 'Linux filesystem'

Command (? for help): n
Partition number (4-128, default 4): 
First sector (34-41910238, default = 5220352) or {+-}size{KMGTP}: 
Last sector (5220352-41910238, default = 41910238) or {+-}size{KMGTP}: +2G
Current type is 'Linux filesystem'
Hex code or GUID (L to show codes, Enter = 8300): 
Changed type of partition to 'Linux filesystem'

Command (? for help): n
Partition number (5-128, default 5): 
First sector (34-41910238, default = 9414656) or {+-}size{KMGTP}: 
Last sector (9414656-41910238, default = 41910238) or {+-}size{KMGTP}: 
Current type is 'Linux filesystem'
Hex code or GUID (L to show codes, Enter = 8300): 
Changed type of partition to 'Linux filesystem'

Command (? for help): w

Final checks complete. About to write GPT data. THIS WILL OVERWRITE EXISTING
PARTITIONS!!

Do you want to proceed? (Y/N): y
OK; writing new GUID partition table (GPT) to /dev/md0.
The operation has completed successfully.
