Hello! I am an example
pid of my child is 0
I am a child. Im going to sleep
mrrrrr
2
my name is 2
Hello! I am an example
pid of my child is 0
I am a child. Im going to sleep
mrrrrr
2
my child pid is 571
mrrrrr
4
my name is 4
Hello! I am an example
pid of my child is 0
I am a child. Im going to sleep
mrrrrr
2
my child pid is 571
mrrrrr
4
my child pid is 573
mrrrrr
8
my name is 8
Hello! I am an example
pid of my child is 0
I am a child. Im going to sleep
mrrrrr
2
my child pid is 571
mrrrrr
4
my child pid is 573
mrrrrr
8
my child pid is 577
mrrrrr
16
my name is 16
Hello! I am an example
pid of my child is 0
I am a child. Im going to sleep
mrrrrr
2
my child pid is 571
mrrrrr
4
my child pid is 573
mrrrrr
8
my child pid is 577
mrrrrr
16
my child pid is 579
mrrrrr
32
my name is 32
Hello! I am an example
pid of my child is 0
I am a child. Im going to sleep
mrrrrr
2
my child pid is 571
mrrrrr
4
my child pid is 573
mrrrrr
8
my child pid is 577
mrrrrr
16
my child pid is 579
mrrrrr
32
my child pid is 581
mrrrrr
64
my name is 64
Hello! I am an example
pid of my child is 0
I am a child. Im going to sleep
mrrrrr
2
my child pid is 571
mrrrrr
4
my child pid is 573
mrrrrr
8
my child pid is 577
mrrrrr
16
my child pid is 579
mrrrrr
32
my child pid is 581
mrrrrr
64
my child pid is 583
mrrrrr
128
my name is 128
Hello! I am an example
pid of my child is 0
I am a child. Im going to sleep
mrrrrr
2
my child pid is 571
mrrrrr
4
my child pid is 573
mrrrrr
8
my child pid is 577
mrrrrr
16
my child pid is 579
mrrrrr
32
my child pid is 581
mrrrrr
64
my child pid is 583
mrrrrr
128
my child pid is 585
mrrrrr
256
my name is 256
Hello! I am an example
pid of my child is 0
I am a child. Im going to sleep
mrrrrr
2
my child pid is 571
mrrrrr
4
my child pid is 573
mrrrrr
8
my child pid is 577
mrrrrr
16
my child pid is 579
mrrrrr
32
my child pid is 581
mrrrrr
64
my child pid is 583
mrrrrr
128
my child pid is 585
mrrrrr
256
my child pid is 588
mrrrrr
512
my name is 512
Hello! I am an example
pid of my child is 0
I am a child. Im going to sleep
mrrrrr
2
my child pid is 571
mrrrrr
4
my child pid is 573
mrrrrr
8
my child pid is 577
mrrrrr
16
my child pid is 579
mrrrrr
32
my child pid is 581
mrrrrr
64
my child pid is 583
mrrrrr
128
my child pid is 585
mrrrrr
256
my child pid is 588
mrrrrr
512
my child pid is 592
mrrrrr
1024
my name is 1024
Hello! I am an example
pid of my child is 0
I am a child. Im going to sleep
mrrrrr
2
my child pid is 571
mrrrrr
4
my child pid is 573
mrrrrr
8
my child pid is 577
mrrrrr
16
my child pid is 579
mrrrrr
32
my child pid is 581
mrrrrr
64
my child pid is 583
mrrrrr
128
my child pid is 585
mrrrrr
256
my child pid is 588
mrrrrr
512
my child pid is 592
mrrrrr
1024
my child pid is 594
mrrrrr
2048
my name is 2048
Hello! I am an example
pid of my child is 0
I am a child. Im going to sleep
mrrrrr
2
my child pid is 571
mrrrrr
4
my child pid is 573
mrrrrr
8
my child pid is 577
mrrrrr
16
my child pid is 579
mrrrrr
32
my child pid is 581
mrrrrr
64
my child pid is 583
mrrrrr
128
my child pid is 585
mrrrrr
256
my child pid is 588
mrrrrr
512
my child pid is 592
mrrrrr
1024
my child pid is 594
mrrrrr
2048
my child pid is 597
mrrrrr
4096
my name is 4096
Hello! I am an example
pid of my child is 0
I am a child. Im going to sleep
mrrrrr
2
my child pid is 571
mrrrrr
4
my child pid is 573
mrrrrr
8
my child pid is 577
mrrrrr
16
my child pid is 579
mrrrrr
32
my child pid is 581
mrrrrr
64
my child pid is 583
mrrrrr
128
my child pid is 585
mrrrrr
256
my child pid is 588
mrrrrr
512
my child pid is 592
mrrrrr
1024
my child pid is 594
mrrrrr
2048
my child pid is 597
mrrrrr
4096
my child pid is 599
mrrrrr
8192
my name is 8192
Hello! I am an example
pid of my child is 0
I am a child. Im going to sleep
mrrrrr
2
my child pid is 571
mrrrrr
4
my child pid is 573
mrrrrr
8
my child pid is 577
mrrrrr
16
my child pid is 579
mrrrrr
32
my child pid is 581
mrrrrr
64
my child pid is 583
mrrrrr
128
my child pid is 585
mrrrrr
256
my child pid is 588
mrrrrr
512
my child pid is 592
mrrrrr
1024
my child pid is 594
mrrrrr
2048
my child pid is 597
mrrrrr
4096
my child pid is 599
mrrrrr
8192
my child pid is 607
mrrrrr
16384
my name is 16384
Hello! I am an example
pid of my child is 0
I am a child. Im going to sleep
mrrrrr
2
my child pid is 571
mrrrrr
4
my child pid is 573
mrrrrr
8
my child pid is 577
mrrrrr
16
my child pid is 579
mrrrrr
32
my child pid is 581
mrrrrr
64
my child pid is 583
mrrrrr
128
my child pid is 585
mrrrrr
256
my child pid is 588
mrrrrr
512
my child pid is 592
mrrrrr
1024
my child pid is 594
mrrrrr
2048
my child pid is 597
mrrrrr
4096
my child pid is 599
mrrrrr
8192
my child pid is 607
mrrrrr
16384
my child pid is 609
mrrrrr
32768
my name is 32768
Hello! I am an example
pid of my child is 570
HHHrrrrr
3
HHHrrrrr
9
HHHrrrrr
27
HHHrrrrr
81
HHHrrrrr
243
HHHrrrrr
729
HHHrrrrr
2187
HHHrrrrr
6561
HHHrrrrr
19683
HHHrrrrr
59049
HHHrrrrr
177147
HHHrrrrr
531441
HHHrrrrr
1594323
HHHrrrrr
4782969
HHHrrrrr
Stopping process. Reason is SIGTERM
Hello! I am an example
pid of my child is 0
I am a child. Im going to sleep
mrrrrr
2
my child pid is 571
mrrrrr
4
my child pid is 573
mrrrrr
8
my child pid is 577
mrrrrr
16
my child pid is 579
mrrrrr
32
my child pid is 581
mrrrrr
64
my child pid is 583
mrrrrr
128
my child pid is 585
mrrrrr
256
my child pid is 588
mrrrrr
512
my child pid is 592
mrrrrr
1024
my child pid is 594
mrrrrr
2048
my child pid is 597
mrrrrr
4096
my child pid is 599
mrrrrr
8192
my child pid is 607
mrrrrr
16384
my child pid is 609
mrrrrr
32768
my child pid is 618
mrrrrr
65536
my name is 65536
Hello! I am an example
pid of my child is 0
I am a child. Im going to sleep
mrrrrr
2
my child pid is 571
mrrrrr
4
my child pid is 573
mrrrrr
8
my child pid is 577
mrrrrr
16
my child pid is 579
mrrrrr
32
my child pid is 581
mrrrrr
64
my child pid is 583
mrrrrr
128
my child pid is 585
mrrrrr
256
my child pid is 588
mrrrrr
512
my child pid is 592
mrrrrr
1024
my child pid is 594
mrrrrr
2048
my child pid is 597
mrrrrr
4096
my child pid is 599
mrrrrr
8192
my child pid is 607
mrrrrr
16384
my child pid is 609
mrrrrr
32768
my child pid is 618
mrrrrr
65536
my child pid is 620
mrrrrr
131072
my name is 131072
Hello! I am an example
pid of my child is 0
I am a child. Im going to sleep
mrrrrr
2
my child pid is 571
mrrrrr
4
my child pid is 573
mrrrrr
8
my child pid is 577
mrrrrr
16
my child pid is 579
mrrrrr
32
my child pid is 581
mrrrrr
64
my child pid is 583
mrrrrr
128
my child pid is 585
mrrrrr
256
my child pid is 588
mrrrrr
512
my child pid is 592
mrrrrr
1024
my child pid is 594
mrrrrr
2048
my child pid is 597
mrrrrr
4096
my child pid is 599
mrrrrr
8192
my child pid is 607
mrrrrr
16384
my child pid is 609
mrrrrr
32768
my child pid is 618
mrrrrr
65536
my child pid is 620
mrrrrr
131072
my child pid is 648
mrrrrr
262144
my name is 262144
Hello! I am an example
pid of my child is 0
I am a child. Im going to sleep
mrrrrr
2
my child pid is 571
mrrrrr
4
my child pid is 573
mrrrrr
8
my child pid is 577
mrrrrr
16
my child pid is 579
mrrrrr
32
my child pid is 581
mrrrrr
64
my child pid is 583
mrrrrr
128
my child pid is 585
mrrrrr
256
my child pid is 588
mrrrrr
512
my child pid is 592
mrrrrr
1024
my child pid is 594
mrrrrr
2048
my child pid is 597
mrrrrr
4096
my child pid is 599
mrrrrr
8192
my child pid is 607
mrrrrr
16384
my child pid is 609
mrrrrr
32768
my child pid is 618
mrrrrr
65536
my child pid is 620
mrrrrr
131072
my child pid is 648
mrrrrr
262144
my child pid is 650
mrrrrr
524288
my name is 524288
Hello! I am an example
pid of my child is 0
I am a child. Im going to sleep
mrrrrr
2
my child pid is 571
mrrrrr
4
my child pid is 573
mrrrrr
8
my child pid is 577
mrrrrr
16
my child pid is 579
mrrrrr
32
my child pid is 581
mrrrrr
64
my child pid is 583
mrrrrr
128
my child pid is 585
mrrrrr
256
my child pid is 588
mrrrrr
512
my child pid is 592
mrrrrr
1024
my child pid is 594
mrrrrr
2048
my child pid is 597
mrrrrr
4096
my child pid is 599
mrrrrr
8192
my child pid is 607
mrrrrr
16384
my child pid is 609
mrrrrr
32768
my child pid is 618
mrrrrr
65536
my child pid is 620
mrrrrr
131072
my child pid is 648
mrrrrr
262144
my child pid is 650
mrrrrr
524288
my child pid is 653
mrrrrr
1048576
my name is 1048576
Hello! I am an example
pid of my child is 0
I am a child. Im going to sleep
mrrrrr
2
my child pid is 571
mrrrrr
4
my child pid is 573
mrrrrr
8
my child pid is 577
mrrrrr
16
my child pid is 579
mrrrrr
32
my child pid is 581
mrrrrr
64
my child pid is 583
mrrrrr
128
my child pid is 585
mrrrrr
256
my child pid is 588
mrrrrr
512
my child pid is 592
mrrrrr
1024
my child pid is 594
mrrrrr
2048
my child pid is 597
mrrrrr
4096
my child pid is 599
mrrrrr
8192
my child pid is 607
mrrrrr
16384
my child pid is 609
mrrrrr
32768
my child pid is 618
mrrrrr
65536
my child pid is 620
mrrrrr
131072
my child pid is 648
mrrrrr
262144
my child pid is 650
mrrrrr
524288
my child pid is 653
mrrrrr
1048576
my child pid is 655
mrrrrr
2097152
my name is 2097152
Hello! I am an example
pid of my child is 0
I am a child. Im going to sleep
mrrrrr
2
my child pid is 571
mrrrrr
4
my child pid is 573
mrrrrr
8
my child pid is 577
mrrrrr
16
my child pid is 579
mrrrrr
32
my child pid is 581
mrrrrr
64
my child pid is 583
mrrrrr
128
my child pid is 585
mrrrrr
256
my child pid is 588
mrrrrr
512
my child pid is 592
mrrrrr
1024
my child pid is 594
mrrrrr
2048
my child pid is 597
mrrrrr
4096
my child pid is 599
mrrrrr
8192
my child pid is 607
mrrrrr
16384
my child pid is 609
mrrrrr
32768
my child pid is 618
mrrrrr
65536
my child pid is 620
mrrrrr
131072
my child pid is 648
mrrrrr
262144
my child pid is 650
mrrrrr
524288
my child pid is 653
mrrrrr
1048576
my child pid is 655
mrrrrr
2097152
my child pid is 657
mrrrrr
4194304
my name is 4194304
Hello! I am an example
pid of my child is 0
I am a child. Im going to sleep
mrrrrr
2
my child pid is 571
mrrrrr
4
my child pid is 573
mrrrrr
8
my child pid is 577
mrrrrr
16
my child pid is 579
mrrrrr
32
my child pid is 581
mrrrrr
64
my child pid is 583
mrrrrr
128
my child pid is 585
mrrrrr
256
my child pid is 588
mrrrrr
512
my child pid is 592
mrrrrr
1024
my child pid is 594
mrrrrr
2048
my child pid is 597
mrrrrr
4096
my child pid is 599
mrrrrr
8192
my child pid is 607
mrrrrr
16384
my child pid is 609
mrrrrr
32768
my child pid is 618
mrrrrr
65536
my child pid is 620
mrrrrr
131072
my child pid is 648
mrrrrr
262144
my child pid is 650
mrrrrr
524288
my child pid is 653
mrrrrr
1048576
my child pid is 655
mrrrrr
2097152
my child pid is 657
mrrrrr
4194304
my child pid is 659
mrrrrr
8388608
my name is 8388608
Hello! I am an example
pid of my child is 0
I am a child. Im going to sleep
mrrrrr
2
my child pid is 571
mrrrrr
4
my child pid is 573
mrrrrr
8
my child pid is 577
mrrrrr
16
my child pid is 579
mrrrrr
32
my child pid is 581
mrrrrr
64
my child pid is 583
mrrrrr
128
my child pid is 585
mrrrrr
256
my child pid is 588
mrrrrr
512
my child pid is 592
mrrrrr
1024
my child pid is 594
mrrrrr
2048
my child pid is 597
mrrrrr
4096
my child pid is 599
mrrrrr
8192
my child pid is 607
mrrrrr
16384
my child pid is 609
mrrrrr
32768
my child pid is 618
mrrrrr
65536
my child pid is 620
mrrrrr
131072
my child pid is 648
mrrrrr
262144
my child pid is 650
mrrrrr
524288
my child pid is 653
mrrrrr
1048576
my child pid is 655
mrrrrr
2097152
my child pid is 657
mrrrrr
4194304
my child pid is 659
mrrrrr
8388608
my child pid is 662
Stopping process. Reason is SIGINT
